app/build/outputs/logs/manifest-merger-debug-report.txt
-- Merging decision tree log ---
manifest
ADDED from AndroidManifest.xml:2:1
	package
		ADDED from AndroidManifest.xml:3:5
		INJECTED from AndroidManifest.xml:0:0
		INJECTED from AndroidManifest.xml:0:0
	android:versionName
		ADDED from AndroidManifest.xml:5:5
	android:versionCode
		ADDED from AndroidManifest.xml:4:5
		INJECTED from AndroidManifest.xml:0:0
		INJECTED from AndroidManifest.xml:0:0
	xmlns:android
		ADDED from AndroidManifest.xml:2:11
	android:installLocation
		ADDED from AndroidManifest.xml:5:31
uses-sdk
ADDED from AndroidManifest.xml:7:5
MERGED from com.android.support:gridlayout-v7:18.0.0:18:5
	android:targetSdkVersion
		ADDED from AndroidManifest.xml:9:9
		INJECTED from AndroidManifest.xml:0:0
		INJECTED from AndroidManifest.xml:0:0
	android:minSdkVersion
		ADDED from AndroidManifest.xml:8:9
		INJECTED from AndroidManifest.xml:0:0
		INJECTED from AndroidManifest.xml:0:0
application
ADDED from AndroidManifest.xml:11:5
MERGED from com.android.support:gridlayout-v7:18.0.0:19:5
	android:label
		ADDED from AndroidManifest.xml:14:9
	android:allowBackup
		ADDED from AndroidManifest.xml:12:9
	android:icon
		ADDED from AndroidManifest.xml:13:9
	android:theme
		ADDED from AndroidManifest.xml:15:9
activity#com.khmerapp.khmeralphabet.gui.SplashScreen
ADDED from AndroidManifest.xml:16:9
	android:screenOrientation
		ADDED from AndroidManifest.xml:18:13
	android:label
		ADDED from AndroidManifest.xml:19:13
	android:name
		ADDED from AndroidManifest.xml:17:13
intent-filter#android.intent.action.MAIN+android.intent.category.LAUNCHER
ADDED from AndroidManifest.xml:20:13
action#android.intent.action.MAIN
ADDED from AndroidManifest.xml:21:17
	android:name
		ADDED from AndroidManifest.xml:21:25
category#android.intent.category.LAUNCHER
ADDED from AndroidManifest.xml:22:17
	android:name
		ADDED from AndroidManifest.xml:22:27
activity#com.khmerapp.khmeralphabet.gui.MainMenuScreen
ADDED from AndroidManifest.xml:26:9
	android:screenOrientation
		ADDED from AndroidManifest.xml:28:13
	android:name
		ADDED from AndroidManifest.xml:27:13
activity#com.khmerapp.khmeralphabet.gui.khmerAlphabetExercise
ADDED from AndroidManifest.xml:29:10
	android:screenOrientation
		ADDED from AndroidManifest.xml:31:13
	android:name
		ADDED from AndroidManifest.xml:30:13
activity#com.khmerapp.khmeralphabet.gui.KhmerAlphabetDisplayScreen
ADDED from AndroidManifest.xml:32:9
	android:screenOrientation
		ADDED from AndroidManifest.xml:34:13
	android:name
		ADDED from AndroidManifest.xml:33:13
activity#com.khmerapp.khmeralphabet.gui.KhmerAlphabetDisplayDetailScreen
ADDED from AndroidManifest.xml:36:9
	android:screenOrientation
		ADDED from AndroidManifest.xml:38:13
	android:name
		ADDED from AndroidManifest.xml:37:13
activity#com.khmerapp.khmeralphabet.gui.AboutUs
ADDED from AndroidManifest.xml:40:9
	android:screenOrientation
		ADDED from AndroidManifest.xml:43:13
	android:theme
		ADDED from AndroidManifest.xml:42:13
	android:name
		ADDED from AndroidManifest.xml:41:13
uses-permission#android.permission.READ_EXTERNAL_STORAGE
ADDED from AndroidManifest.xml:47:5
	android:name
		ADDED from AndroidManifest.xml:47:22
uses-permission#android.permission.WRITE_EXTERNAL_STORAGE
ADDED from AndroidManifest.xml:48:5
	android:name
		ADDED from AndroidManifest.xml:48:22
compatible-screens
ADDED from AndroidManifest.xml:49:6
screen#small+ldpi
ADDED from AndroidManifest.xml:51:9
	android:screenDensity
		ADDED from AndroidManifest.xml:51:44
	android:screenSize
		ADDED from AndroidManifest.xml:51:17
screen#small+mdpi
ADDED from AndroidManifest.xml:52:9
	android:screenDensity
		ADDED from AndroidManifest.xml:52:44
	android:screenSize
		ADDED from AndroidManifest.xml:52:17
screen#small+hdpi
ADDED from AndroidManifest.xml:53:9
	android:screenDensity
		ADDED from AndroidManifest.xml:53:44
	android:screenSize
		ADDED from AndroidManifest.xml:53:17
screen#small+xhdpi
ADDED from AndroidManifest.xml:54:9
	android:screenDensity
		ADDED from AndroidManifest.xml:54:44
	android:screenSize
		ADDED from AndroidManifest.xml:54:17
screen#normal+ldpi
ADDED from AndroidManifest.xml:56:9
	android:screenDensity
		ADDED from AndroidManifest.xml:56:45
	android:screenSize
		ADDED from AndroidManifest.xml:56:17
screen#normal+mdpi
ADDED from AndroidManifest.xml:57:9
	android:screenDensity
		ADDED from AndroidManifest.xml:57:45
	android:screenSize
		ADDED from AndroidManifest.xml:57:17
screen#normal+hdpi
ADDED from AndroidManifest.xml:58:9
	android:screenDensity
		ADDED from AndroidManifest.xml:58:45
	android:screenSize
		ADDED from AndroidManifest.xml:58:17
screen#normal+xhdpi
ADDED from AndroidManifest.xml:59:9
	android:screenDensity
		ADDED from AndroidManifest.xml:59:45
	android:screenSize
		ADDED from AndroidManifest.xml:59:17
screen#large+ldpi
ADDED from AndroidManifest.xml:61:9
	android:screenDensity
		ADDED from AndroidManifest.xml:61:44
	android:screenSize
		ADDED from AndroidManifest.xml:61:17
screen#large+mdpi
ADDED from AndroidManifest.xml:62:9
	android:screenDensity
		ADDED from AndroidManifest.xml:62:44
	android:screenSize
		ADDED from AndroidManifest.xml:62:17
screen#large+hdpi
ADDED from AndroidManifest.xml:63:9
	android:screenDensity
		ADDED from AndroidManifest.xml:63:44
	android:screenSize
		ADDED from AndroidManifest.xml:63:17
screen#large+xhdpi
ADDED from AndroidManifest.xml:64:9
	android:screenDensity
		ADDED from AndroidManifest.xml:64:44
	android:screenSize
		ADDED from AndroidManifest.xml:64:17
screen#xlarge+ldpi
ADDED from AndroidManifest.xml:66:9
	android:screenDensity
		ADDED from AndroidManifest.xml:66:45
	android:screenSize
		ADDED from AndroidManifest.xml:66:17
screen#xlarge+mdpi
ADDED from AndroidManifest.xml:67:9
	android:screenDensity
		ADDED from AndroidManifest.xml:67:45
	android:screenSize
		ADDED from AndroidManifest.xml:67:17
screen#xlarge+hdpi
ADDED from AndroidManifest.xml:68:9
	android:screenDensity
		ADDED from AndroidManifest.xml:68:45
	android:screenSize
		ADDED from AndroidManifest.xml:68:17
screen#xlarge+xhdpi
ADDED from AndroidManifest.xml:69:9
	android:screenDensity
		ADDED from AndroidManifest.xml:69:45
	android:screenSize
		ADDED from AndroidManifest.xml:69:17